<?xml version="1.0" encoding="UTF-8"?>
<Site BuildName="Linux-c++"
	BuildStamp="20230912-1443-Experimental"
	Name="siliconecnc"
	Generator="ctest-3.18.4"
	CompilerName="/usr/bin/c++"
	CompilerVersion="10.2.1"
	OSName="Linux"
	Hostname="siliconecnc"
	OSRelease="6.1.21-v8+"
	OSVersion="#1642 SMP PREEMPT Mon Apr  3 17:24:16 BST 2023"
	OSPlatform="aarch64"
	Is64Bits="1"
	VendorString=""
	VendorID="Unknown Manufacturer"
	FamilyID="8"
	ModelID="0"
	ProcessorCacheSize="0"
	NumberOfLogicalCPU="4"
	NumberOfPhysicalCPU="1"
	TotalVirtualMemory="99"
	TotalPhysicalMemory="3794"
	LogicalProcessorsPerPhysical="4"
	ProcessorClockFrequency="0"
	>
	<Testing>
		<StartDateTime>Sep 12 18:42 MSK</StartDateTime>
		<StartTestTime>1694533356</StartTestTime>
		<TestList/>
		<EndDateTime>Sep 12 18:42 MSK</EndDateTime>
		<EndTestTime>1694533356</EndTestTime>
		<ElapsedMinutes>0</ElapsedMinutes>
	</Testing>
</Site>
